<?xml version="1.0" encoding="UTF-8"?>
<!-- Generated by org.testng.reporters.JUnitXMLReporter -->
<testsuite hostname="NJCDTL01CD119M" ignored="0" name="mdsSanity" tests="4" failures="1" timestamp="15 Aug 2017 14:31:15 GMT" time="171.705" errors="0">
  <testcase name="Login" time="38.173" classname="com.amind.NewTest"/>
  <testcase name="MDSFlowStart" time="16.724" classname="com.amind.NewTest"/>
  <testcase name="OpptyPageStart" time="63.013" classname="com.amind.NewTest"/>
  <testcase name="OrderHandOff" time="46.689" classname="com.amind.NewTest">
    <failure type="org.openqa.selenium.WebDriverException" message="unknown error: Element &amp;lt;button id=&amp;quot;products-0-productInfo-0-categories-0-files-1-supportRequest&amp;quot; name=&amp;quot;supportRequest&amp;quot; type=&amp;quot;button&amp;quot; data-dui-element=&amp;quot;button&amp;quot; data-dui-ruleid=&amp;quot;files.supportRequest&amp;quot; data-dui-rowid=&amp;quot;1&amp;quot; data-dui-parent-id=&amp;quot;products-0-productInfo-0-categories-0-files&amp;quot; data-dui-parent-type=&amp;quot;table&amp;quot; data-dui-key=&amp;quot;products.0.productInfo.0.categories.0.files.1.supportRequest&amp;quot;&amp;gt;...&amp;lt;/button&amp;gt; is not clickable at point (1145, 440). Other element would receive the click: &amp;lt;div class=&amp;quot;ui-popup-screen ui-overlay-b in&amp;quot; id=&amp;quot;se-popup-view-screen&amp;quot;&amp;gt;&amp;lt;/div&amp;gt;
  (Session info: chrome=60.0.3112.90)
  (Driver info: chromedriver=2.28.455520 (cc17746adff54984afff480136733114c6b3704b),platform=Windows NT 6.1.7601 SP1 x86_64) (WARNING: The server did not provide any stacktrace information)
Command duration or timeout: 163 milliseconds
Build info: version: &amp;apos;3.0.1&amp;apos;, revision: &amp;apos;1969d75&amp;apos;, time: &amp;apos;2016-10-18 09:49:13 -0700&amp;apos;
System info: host: &amp;apos;NJCDTL01CD119M&amp;apos;, ip: &amp;apos;130.10.255.240&amp;apos;, os.name: &amp;apos;Windows 7&amp;apos;, os.arch: &amp;apos;x86&amp;apos;, os.version: &amp;apos;6.1&amp;apos;, java.version: &amp;apos;1.8.0_77&amp;apos;
Driver info: org.openqa.selenium.chrome.ChromeDriver
Capabilities [{applicationCacheEnabled=false, rotatable=false, mobileEmulationEnabled=false, networkConnectionEnabled=false, chrome={chromedriverVersion=2.28.455520 (cc17746adff54984afff480136733114c6b3704b), userDataDir=C:\Users\cd119m\AppData\Local\Temp\scoped_dir1300_25887}, takesHeapSnapshot=true, pageLoadStrategy=normal, databaseEnabled=false, handlesAlerts=true, hasTouchScreen=false, version=60.0.3112.90, platform=XP, browserConnectionEnabled=false, nativeEvents=true, acceptSslCerts=true, locationContextEnabled=true, webStorageEnabled=true, browserName=chrome, takesScreenshot=true, javascriptEnabled=true, cssSelectorsEnabled=true, unexpectedAlertBehaviour=}]
Session ID: 7692efe94731dd36d45b49510522e6a2">
      <![CDATA[org.openqa.selenium.WebDriverException: unknown error: Element <button id="products-0-productInfo-0-categories-0-files-1-supportRequest" name="supportRequest" type="button" data-dui-element="button" data-dui-ruleid="files.supportRequest" data-dui-rowid="1" data-dui-parent-id="products-0-productInfo-0-categories-0-files" data-dui-parent-type="table" data-dui-key="products.0.productInfo.0.categories.0.files.1.supportRequest">...</button> is not clickable at point (1145, 440). Other element would receive the click: <div class="ui-popup-screen ui-overlay-b in" id="se-popup-view-screen"></div>
  (Session info: chrome=60.0.3112.90)
  (Driver info: chromedriver=2.28.455520 (cc17746adff54984afff480136733114c6b3704b),platform=Windows NT 6.1.7601 SP1 x86_64) (WARNING: The server did not provide any stacktrace information)
Command duration or timeout: 163 milliseconds
Build info: version: '3.0.1', revision: '1969d75', time: '2016-10-18 09:49:13 -0700'
System info: host: 'NJCDTL01CD119M', ip: '130.10.255.240', os.name: 'Windows 7', os.arch: 'x86', os.version: '6.1', java.version: '1.8.0_77'
Driver info: org.openqa.selenium.chrome.ChromeDriver
Capabilities [{applicationCacheEnabled=false, rotatable=false, mobileEmulationEnabled=false, networkConnectionEnabled=false, chrome={chromedriverVersion=2.28.455520 (cc17746adff54984afff480136733114c6b3704b), userDataDir=C:\Users\cd119m\AppData\Local\Temp\scoped_dir1300_25887}, takesHeapSnapshot=true, pageLoadStrategy=normal, databaseEnabled=false, handlesAlerts=true, hasTouchScreen=false, version=60.0.3112.90, platform=XP, browserConnectionEnabled=false, nativeEvents=true, acceptSslCerts=true, locationContextEnabled=true, webStorageEnabled=true, browserName=chrome, takesScreenshot=true, javascriptEnabled=true, cssSelectorsEnabled=true, unexpectedAlertBehaviour=}]
Session ID: 7692efe94731dd36d45b49510522e6a2
	at org.openqa.selenium.remote.ErrorHandler.createThrowable(ErrorHandler.java:216)
	at org.openqa.selenium.remote.ErrorHandler.throwIfResponseFailed(ErrorHandler.java:168)
	at org.openqa.selenium.remote.RemoteWebDriver.execute(RemoteWebDriver.java:635)
	at org.openqa.selenium.remote.RemoteWebElement.execute(RemoteWebElement.java:274)
	at org.openqa.selenium.remote.RemoteWebElement.click(RemoteWebElement.java:84)
	at org.openqa.selenium.support.pagefactory.internal.LocatingElementHandler.invoke(LocatingElementHandler.java:51)
	at com.sun.proxy.$Proxy6.click(Unknown Source)
	at com.amind.OrderHandoffPageFactory.clickCreateReleaseBtn(OrderHandoffPageFactory.java:72)
	at com.amind.NewTest.OrderHandOff(NewTest.java:120)
... Removed 32 stack frames]]>
    </failure>
  </testcase> <!-- OrderHandOff -->
</testsuite> <!-- mdsSanity -->
